Flow report for EX_3
Wed Nov 10 18:34:27 2021
Quartus II 64-Bit Version 13.1.0 Build 162 10/23/2013 SJ Full Version


---------------------
; Table of Contents ;
---------------------
  1. Legal Notice
  2. Flow Summary
  3. Flow Settings
  4. Flow Non-Default Global Settings
  5. Flow Elapsed Time
  6. Flow OS Summary
  7. Flow Log
  8. Flow Messages
  9. Flow Suppressed Messages



----------------
; Legal Notice ;
----------------
Copyright (C) 1991-2013 Altera Corporation
Your use of Altera Corporation's design tools, logic functions 
and other software and tools, and its AMPP partner logic 
functions, and any output files from any of the foregoing 
(including device programming or simulation files), and any 
associated documentation or information are expressly subject 
to the terms and conditions of the Altera Program License 
Subscription Agreement, Altera MegaCore Function License 
Agreement, or other applicable license agreement, including, 
without limitation, that your use is for the sole purpose of 
programming logic devices manufactured by Altera and sold by 
Altera or its authorized distributors.  Please refer to the 
applicable agreement for further details.



+----------------------------------------------------------------------------------+
; Flow Summary                                                                     ;
+------------------------------------+---------------------------------------------+
; Flow Status                        ; Successful - Wed Nov 10 18:34:27 2021       ;
; Quartus II 64-Bit Version          ; 13.1.0 Build 162 10/23/2013 SJ Full Version ;
; Revision Name                      ; EX_3                                        ;
; Top-level Entity Name              ; EX_3_1                                      ;
; Family                             ; Cyclone IV GX                               ;
; Total logic elements               ; 37                                          ;
;     Total combinational functions  ; 37                                          ;
;     Dedicated logic registers      ; 0                                           ;
; Total registers                    ; 0                                           ;
; Total pins                         ; 38                                          ;
; Total virtual pins                 ; 0                                           ;
; Total memory bits                  ; 1,024                                       ;
; Embedded Multiplier 9-bit elements ; 0                                           ;
; Total GXB Receiver Channel PCS     ; 0                                           ;
; Total GXB Receiver Channel PMA     ; 0                                           ;
; Total GXB Transmitter Channel PCS  ; 0                                           ;
; Total GXB Transmitter Channel PMA  ; 0                                           ;
; Total PLLs                         ; 0                                           ;
+------------------------------------+---------------------------------------------+


+-----------------------------------------+
; Flow Settings                           ;
+-------------------+---------------------+
; Option            ; Setting             ;
+-------------------+---------------------+
; Start date & time ; 11/10/2021 18:09:34 ;
; Main task         ; Compilation         ;
; Revision Name     ; EX_3                ;
+-------------------+---------------------+


+-------------------------------------------------------------------------------------------------------------------------------+
; Flow Non-Default Global Settings                                                                                              ;
+-------------------------------------+------------------------------------------+---------------+-------------+----------------+
; Assignment Name                     ; Value                                    ; Default Value ; Entity Name ; Section Id     ;
+-------------------------------------+------------------------------------------+---------------+-------------+----------------+
; COMPILER_SIGNATURE_ID               ; 273184160640978.163653897306916          ; --            ; --          ; --             ;
; EDA_GENERATE_FUNCTIONAL_NETLIST     ; On                                       ; --            ; --          ; eda_simulation ;
; EDA_NETLIST_WRITER_OUTPUT_DIR       ; D:/Quartus/Project/EX_3/simulation/qsim/ ; --            ; --          ; eda_simulation ;
; EDA_OUTPUT_DATA_FORMAT              ; Verilog Hdl                              ; --            ; --          ; eda_simulation ;
; EDA_SIMULATION_TOOL                 ; ModelSim-Altera (Verilog)                ; <None>        ; --          ; --             ;
; IP_TOOL_NAME                        ; LPM_MUX                                  ; --            ; --          ; --             ;
; IP_TOOL_VERSION                     ; 13.1                                     ; --            ; --          ; --             ;
; MISC_FILE                           ; lpm_mux0.bsf                             ; --            ; --          ; --             ;
; MISC_FILE                           ; lpm_mux0.cmp                             ; --            ; --          ; --             ;
; PARTITION_COLOR                     ; 16764057                                 ; --            ; EX_3_1      ; Top            ;
; PARTITION_FITTER_PRESERVATION_LEVEL ; PLACEMENT_AND_ROUTING                    ; --            ; EX_3_1      ; Top            ;
; PARTITION_NETLIST_TYPE              ; SOURCE                                   ; --            ; EX_3_1      ; Top            ;
; PROJECT_OUTPUT_DIRECTORY            ; output_files                             ; --            ; --          ; --             ;
; TOP_LEVEL_ENTITY                    ; EX_3_1                                   ; EX_3          ; --          ; --             ;
+-------------------------------------+------------------------------------------+---------------+-------------+----------------+


+--------------------------------------------------------------------------------------------------------------------------+
; Flow Elapsed Time                                                                                                        ;
+----------------------+--------------+-------------------------+---------------------+------------------------------------+
; Module Name          ; Elapsed Time ; Average Processors Used ; Peak Virtual Memory ; Total CPU Time (on all processors) ;
+----------------------+--------------+-------------------------+---------------------+------------------------------------+
; Analysis & Synthesis ; 00:00:03     ; 1.0                     ; 4752 MB             ; 00:00:04                           ;
; EDA Netlist Writer   ; 00:00:01     ; 1.0                     ; 4608 MB             ; 00:00:01                           ;
; EDA Netlist Writer   ; 00:00:01     ; 1.0                     ; 4613 MB             ; 00:00:01                           ;
; EDA Netlist Writer   ; 00:00:01     ; 1.0                     ; 4608 MB             ; 00:00:01                           ;
; EDA Netlist Writer   ; 00:00:01     ; 1.0                     ; 4613 MB             ; 00:00:01                           ;
; Total                ; 00:00:07     ; --                      ; --                  ; 00:00:08                           ;
+----------------------+--------------+-------------------------+---------------------+------------------------------------+


+-----------------------------------------------------------------------------------+
; Flow OS Summary                                                                   ;
+----------------------+------------------+-----------+------------+----------------+
; Module Name          ; Machine Hostname ; OS Name   ; OS Version ; Processor type ;
+----------------------+------------------+-----------+------------+----------------+
; Analysis & Synthesis ; w6rst            ; Windows 7 ; 6.2        ; x86_64         ;
; EDA Netlist Writer   ; w6rst            ; Windows 7 ; 6.2        ; x86_64         ;
; EDA Netlist Writer   ; w6rst            ; Windows 7 ; 6.2        ; x86_64         ;
; EDA Netlist Writer   ; w6rst            ; Windows 7 ; 6.2        ; x86_64         ;
; EDA Netlist Writer   ; w6rst            ; Windows 7 ; 6.2        ; x86_64         ;
+----------------------+------------------+-----------+------------+----------------+


------------
; Flow Log ;
------------
quartus_map --read_settings_files=on --write_settings_files=off EX_3 -c EX_3
quartus_eda --gen_testbench --check_outputs=on --tool=modelsim_oem --format=verilog EX_3 -c EX_3 --vector_source=D:/Quartus/Project/EX_3/EX_3_1.vwf --testbench_file=D:/Quartus/Project/EX_3/simulation/qsim/EX_3_1.vwf.vt
quartus_eda --functional=on --flatten_buses=off --simulation=on --tool=modelsim_oem --format=verilog --output_directory=D:/Quartus/Project/EX_3/simulation/qsim/ EX_3 -c EX_3
quartus_eda --gen_testbench --check_outputs=on --tool=modelsim_oem --format=verilog EX_3 -c EX_3 --vector_source=D:/Quartus/Project/EX_3/EX_3_1.vwf --testbench_file=D:/Quartus/Project/EX_3/simulation/qsim/EX_3_1.vwf.vt
quartus_eda --functional=on --flatten_buses=off --simulation=on --tool=modelsim_oem --format=verilog --output_directory=D:/Quartus/Project/EX_3/simulation/qsim/ EX_3 -c EX_3



